0 silly argv {
0 silly argv   _: [ 'publish' ],
0 silly argv   composed: 'publish',
0 silly argv   lernaVersion: '7.1.5',
0 silly argv   '$0': 'node_modules\\lerna\\dist\\cli.js'
0 silly argv }
1 notice cli v7.1.5
2 verbose packageConfigs Resolving packages based on package.json "workspaces" configuration.
3 verbose rootPath D:\印客\工程化\工程化项目实战\demo
4 verbose session 91cfeaac93f1fcd9
5 verbose user-agent lerna/7.1.5/node@v16.17.1+x64 (win32)
6 silly argv { _: [ 'publish' ], composed: 'publish', lernaVersion: '7.1.5' }
7 verbose packageConfigs Resolving packages based on package.json "workspaces" configuration.
8 verbose rootPath D:\印客\工程化\工程化项目实战\demo
9 info current version 0.0.0
10 silly isAnythingCommitted
11 verbose isAnythingCommitted 1
12 silly getCurrentBranch
13 verbose currentBranch main
14 silly remoteBranchExists
15 silly isBehindUpstream
16 silly isBehindUpstream main is behind origin/main by 0 commit(s) and ahead by 0
17 silly hasTags
18 verbose hasTags false
19 info Assuming all packages changed
20 verbose updated code-commitlint-config
21 verbose git-describe undefined => "8aba179"
22 silly git-describe parsed => {"refCount":"1","sha":"8aba179","isDirty":false}
23 info execute Skipping releases
24 silly lifecycle No script for "preversion" in "root", continuing
25 silly lifecycle No script for "preversion" in "code-commitlint-config", continuing
26 verbose version code-commitlint-config has no lockfile. Skipping lockfile update.
27 silly lifecycle No script for "version" in "code-commitlint-config", continuing
28 verbose version Updating root package-lock.json
29 silly lifecycle No script for "version" in "root", continuing
30 silly gitAdd [
30 silly gitAdd   'packages/commitlint-config/package.json',
30 silly gitAdd   'lerna.json',
30 silly gitAdd   'package-lock.json'
30 silly gitAdd ]
31 silly gitCommit chore: publish v0.0.1
32 verbose git [ 'commit', '-m', 'chore: publish v0.0.1' ]
33 silly gitTag v0.0.1 git tag %s -m %s
34 verbose git [ 'tag', 'v0.0.1', '-m', 'v0.0.1' ]
35 silly lifecycle No script for "postversion" in "code-commitlint-config", continuing
36 silly lifecycle No script for "postversion" in "root", continuing
37 info git Pushing tags...
38 silly gitPush origin main
39 info publish Publishing packages to npm...
40 notice Skipping all user and access validation due to third-party registry
41 notice Make sure you're authenticated properly ¯\_(ツ)_/¯
42 warn ENOLICENSE Package code-commitlint-config is missing a license.
42 warn ENOLICENSE One way to fix this is to add a LICENSE.md file to the root of this repository.
42 warn ENOLICENSE See https://choosealicense.com for additional guidance.
43 silly getCurrentSHA
44 verbose getCurrentSHA 1d7affe07248e425c08c4ee3d6726436de6cc455
45 warn lifecycle Skipping root "prepublish" because it has already been called
46 silly lifecycle "prepare" starting in "root"
47 info lifecycle root@undefined~prepare: root@undefined
48 silly lifecycle "prepare" finished in "root"
49 silly lifecycle No script for "prepublishOnly" in "root", continuing
50 silly lifecycle No script for "prepack" in "root", continuing
51 verbose pack-directory packages\commitlint-config
52 silly lifecycle No script for "prepublish" in "code-commitlint-config", continuing
53 silly lifecycle No script for "prepare" in "code-commitlint-config", continuing
54 silly lifecycle No script for "prepublishOnly" in "code-commitlint-config", continuing
55 silly lifecycle No script for "prepack" in "code-commitlint-config", continuing
56 silly lifecycle No script for "postpack" in "code-commitlint-config", continuing
57 verbose packed packages\commitlint-config
58 silly lifecycle No script for "postpack" in "root", continuing
59 verbose publish code-commitlint-config
60 silly FetchError: request to https://registry.npm.org/code-commitlint-config failed, reason: getaddrinfo ENOTFOUND registry.npm.org
60 silly     at ClientRequest.<anonymous> (D:\印客\工程化\工程化项目实战\demo\node_modules\minipass-fetch\lib\index.js:130:14)
60 silly     at ClientRequest.emit (node:events:513:28)
60 silly     at TLSSocket.socketErrorListener (node:_http_client:481:9)
60 silly     at TLSSocket.emit (node:events:525:35)
60 silly     at emitErrorNT (node:internal/streams/destroy:157:8)
60 silly     at emitErrorCloseNT (node:internal/streams/destroy:122:3)
60 silly     at processTicksAndRejections (node:internal/process/task_queues:83:21)
60 silly  FetchError: request to https://registry.npm.org/code-commitlint-config failed, reason: getaddrinfo ENOTFOUND registry.npm.org
60 silly     at ClientRequest.<anonymous> (D:\印客\工程化\工程化项目实战\demo\node_modules\minipass-fetch\lib\index.js:130:14)
60 silly     at ClientRequest.emit (node:events:513:28)
60 silly     at TLSSocket.socketErrorListener (node:_http_client:481:9)
60 silly     at TLSSocket.emit (node:events:525:35)
60 silly     at emitErrorNT (node:internal/streams/destroy:157:8)
60 silly     at emitErrorCloseNT (node:internal/streams/destroy:122:3)
60 silly     at processTicksAndRejections (node:internal/process/task_queues:83:21) {
60 silly   code: 'ENOTFOUND',
60 silly   errno: 'ENOTFOUND',
60 silly   syscall: 'getaddrinfo',
60 silly   hostname: 'registry.npm.org',
60 silly   type: 'system'
60 silly }
61 warn notice Package failed to publish: code-commitlint-config
62 error ENOTFOUND request to https://registry.npm.org/code-commitlint-config failed, reason: getaddrinfo ENOTFOUND registry.npm.org
63 error errno "ENOTFOUND" is not a valid exit code - exiting with code 1
64 error FetchError: request to https://registry.npm.org/code-commitlint-config failed, reason: getaddrinfo ENOTFOUND registry.npm.org
64 error     at ClientRequest.<anonymous> (D:\印客\工程化\工程化项目实战\demo\node_modules\minipass-fetch\lib\index.js:130:14)
64 error     at ClientRequest.emit (node:events:513:28)
64 error     at TLSSocket.socketErrorListener (node:_http_client:481:9)
64 error     at TLSSocket.emit (node:events:525:35)
64 error     at emitErrorNT (node:internal/streams/destroy:157:8)
64 error     at emitErrorCloseNT (node:internal/streams/destroy:122:3)
